Exhibition/app/manifest-merger-release-report.txt
-- Merging decision tree log ---
manifest
ADDED from AndroidManifest.xml:2:1
	package
		ADDED from AndroidManifest.xml:3:5
		INJECTED from AndroidManifest.xml:0:0
		INJECTED from AndroidManifest.xml:0:0
	android:versionName
		INJECTED from AndroidManifest.xml:0:0
		INJECTED from AndroidManifest.xml:0:0
	xmlns:android
		ADDED from AndroidManifest.xml:2:11
	android:versionCode
		INJECTED from AndroidManifest.xml:0:0
		INJECTED from AndroidManifest.xml:0:0
uses-permission#android.permission.INTERNET
ADDED from AndroidManifest.xml:11:5
	android:name
		ADDED from AndroidManifest.xml:11:22
uses-permission#android.permission.ACCESS_NETWORK_STATE
ADDED from AndroidManifest.xml:12:5
	android:name
		ADDED from AndroidManifest.xml:12:22
uses-permission#android.permission.CHANGE_NETWORK_STATE
ADDED from AndroidManifest.xml:15:5
	android:name
		ADDED from AndroidManifest.xml:15:22
uses-permission#android.permission.CHANGE_WIFI_STATE
ADDED from AndroidManifest.xml:16:5
	android:name
		ADDED from AndroidManifest.xml:16:22
uses-permission#android.permission.ACCESS_WIFI_STATE
ADDED from AndroidManifest.xml:17:5
	android:name
		ADDED from AndroidManifest.xml:17:22
uses-permission#android.permission.WRITE_EXTERNAL_STORAGE
ADDED from AndroidManifest.xml:18:5
	android:name
		ADDED from AndroidManifest.xml:18:22
uses-feature#android.hardware.bluetooth_le
ADDED from AndroidManifest.xml:21:5
	android:required
		ADDED from AndroidManifest.xml:23:9
	android:name
		ADDED from AndroidManifest.xml:22:9
application
ADDED from AndroidManifest.xml:25:5
MERGED from com.android.support:appcompat-v7:21.0.3:16:5
MERGED from com.android.support:support-v4:21.0.3:16:5
MERGED from com.google.android.gms:play-services:6.5.87:20:5
MERGED from com.android.support:support-v4:21.0.3:16:5
MERGED from Exhibition:android-beacon-library-2.3.3:unspecified:15:5
	android:label
		ADDED from AndroidManifest.xml:29:9
	android:allowBackup
		ADDED from AndroidManifest.xml:27:9
	android:icon
		ADDED from AndroidManifest.xml:28:9
	android:theme
		ADDED from AndroidManifest.xml:30:9
	android:name
		ADDED from AndroidManifest.xml:26:9
receiver#com.buzz.receiver.MediaButtonReceiver
ADDED from AndroidManifest.xml:31:9
	android:name
		ADDED from AndroidManifest.xml:31:19
intent-filter#android.intent.action.MEDIA_BUTTON
ADDED from AndroidManifest.xml:32:13
	android:priority
		ADDED from AndroidManifest.xml:32:28
action#android.intent.action.MEDIA_BUTTON
ADDED from AndroidManifest.xml:33:17
	android:name
		ADDED from AndroidManifest.xml:33:25
activity#com.buzz.activity.MainActivity
ADDED from AndroidManifest.xml:38:9
	android:label
		ADDED from AndroidManifest.xml:40:13
	android:name
		ADDED from AndroidManifest.xml:39:13
service#com.buzz.service.MessageService
ADDED from AndroidManifest.xml:53:9
	android:exported
		ADDED from AndroidManifest.xml:55:13
	android:name
		ADDED from AndroidManifest.xml:54:13
service#com.buzz.service.CoreService
ADDED from AndroidManifest.xml:56:9
	android:exported
		ADDED from AndroidManifest.xml:58:13
	android:name
		ADDED from AndroidManifest.xml:57:13
activity#com.buzz.activity.LoginActivity
ADDED from AndroidManifest.xml:60:9
	android:label
		ADDED from AndroidManifest.xml:62:13
	android:name
		ADDED from AndroidManifest.xml:61:13
activity#com.buzz.activity.DownloadFileActivity
ADDED from AndroidManifest.xml:64:9
	android:label
		ADDED from AndroidManifest.xml:66:13
	android:name
		ADDED from AndroidManifest.xml:65:13
activity#com.buzz.activity.SignActivity
ADDED from AndroidManifest.xml:68:9
	android:label
		ADDED from AndroidManifest.xml:70:13
	android:name
		ADDED from AndroidManifest.xml:69:13
activity#com.buzz.activity.SettingActivity
ADDED from AndroidManifest.xml:72:9
	android:label
		ADDED from AndroidManifest.xml:74:13
	android:name
		ADDED from AndroidManifest.xml:73:13
activity#com.buzz.activity.NavActivity
ADDED from AndroidManifest.xml:76:9
	android:label
		ADDED from AndroidManifest.xml:78:13
	android:name
		ADDED from AndroidManifest.xml:77:13
intent-filter#android.intent.action.MAIN+android.intent.category.LAUNCHER
ADDED from AndroidManifest.xml:79:13
action#android.intent.action.MAIN
ADDED from AndroidManifest.xml:80:17
	android:name
		ADDED from AndroidManifest.xml:80:25
category#android.intent.category.LAUNCHER
ADDED from AndroidManifest.xml:81:17
	android:name
		ADDED from AndroidManifest.xml:81:27
activity#com.buzz.activity.ExhibitionActivity
ADDED from AndroidManifest.xml:84:9
	android:label
		ADDED from AndroidManifest.xml:86:13
	android:theme
		ADDED from AndroidManifest.xml:87:13
	android:name
		ADDED from AndroidManifest.xml:85:13
activity#com.buzz.activity.GuideViewActivity
ADDED from AndroidManifest.xml:89:9
	android:label
		ADDED from AndroidManifest.xml:91:13
	android:name
		ADDED from AndroidManifest.xml:90:13
uses-sdk
INJECTED from AndroidManifest.xml:0:0 reason: use-sdk injection requested
MERGED from com.android.support:appcompat-v7:21.0.3:15:5
MERGED from com.android.support:support-v4:21.0.3:15:5
MERGED from com.google.android.gms:play-services:6.5.87:18:5
MERGED from com.android.support:support-v4:21.0.3:15:5
MERGED from Exhibition:android-beacon-library-2.3.3:unspecified:7:5
	android:targetSdkVersion
		INJECTED from AndroidManifest.xml:0:0
		INJECTED from AndroidManifest.xml:0:0
	android:minSdkVersion
		INJECTED from AndroidManifest.xml:0:0
		INJECTED from AndroidManifest.xml:0:0
meta-data#com.google.android.gms.version
ADDED from com.google.android.gms:play-services:6.5.87:21:9
	android:value
		ADDED from com.google.android.gms:play-services:6.5.87:23:13
	android:name
		ADDED from com.google.android.gms:play-services:6.5.87:22:13
uses-permission#android.permission.BLUETOOTH
ADDED from Exhibition:android-beacon-library-2.3.3:unspecified:11:5
	android:name
		ADDED from Exhibition:android-beacon-library-2.3.3:unspecified:11:22
uses-permission#android.permission.BLUETOOTH_ADMIN
ADDED from Exhibition:android-beacon-library-2.3.3:unspecified:12:5
	android:name
		ADDED from Exhibition:android-beacon-library-2.3.3:unspecified:12:22
uses-permission#android.permission.RECEIVE_BOOT_COMPLETED
ADDED from Exhibition:android-beacon-library-2.3.3:unspecified:13:5
	android:name
		ADDED from Exhibition:android-beacon-library-2.3.3:unspecified:13:22
receiver#org.altbeacon.beacon.startup.StartupBroadcastReceiver
ADDED from Exhibition:android-beacon-library-2.3.3:unspecified:16:9
	android:name
		ADDED from Exhibition:android-beacon-library-2.3.3:unspecified:16:19
intent-filter#android.intent.action.ACTION_POWER_CONNECTED+android.intent.action.ACTION_POWER_DISCONNECTED+android.intent.action.BOOT_COMPLETED
ADDED from Exhibition:android-beacon-library-2.3.3:unspecified:17:13
action#android.intent.action.BOOT_COMPLETED
ADDED from Exhibition:android-beacon-library-2.3.3:unspecified:18:17
	android:name
		ADDED from Exhibition:android-beacon-library-2.3.3:unspecified:18:25
action#android.intent.action.ACTION_POWER_CONNECTED
ADDED from Exhibition:android-beacon-library-2.3.3:unspecified:19:17
	android:name
		ADDED from Exhibition:android-beacon-library-2.3.3:unspecified:19:25
action#android.intent.action.ACTION_POWER_DISCONNECTED
ADDED from Exhibition:android-beacon-library-2.3.3:unspecified:20:17
	android:name
		ADDED from Exhibition:android-beacon-library-2.3.3:unspecified:20:25
service#org.altbeacon.beacon.service.BeaconService
ADDED from Exhibition:android-beacon-library-2.3.3:unspecified:24:9
	android:enabled
		ADDED from Exhibition:android-beacon-library-2.3.3:unspecified:26:13
	android:label
		ADDED from Exhibition:android-beacon-library-2.3.3:unspecified:29:13
	android:exported
		ADDED from Exhibition:android-beacon-library-2.3.3:unspecified:27:13
	android:isolatedProcess
		ADDED from Exhibition:android-beacon-library-2.3.3:unspecified:28:13
	android:name
		ADDED from Exhibition:android-beacon-library-2.3.3:unspecified:25:13
service#org.altbeacon.beacon.BeaconIntentProcessor
ADDED from Exhibition:android-beacon-library-2.3.3:unspecified:30:9
	android:enabled
		ADDED from Exhibition:android-beacon-library-2.3.3:unspecified:32:13
	android:exported
		ADDED from Exhibition:android-beacon-library-2.3.3:unspecified:33:13
	android:name
		ADDED from Exhibition:android-beacon-library-2.3.3:unspecified:31:13